SF:lib/common/failure.dart
DA:6,2
DA:8,2
DA:9,4
DA:13,0
DA:17,4
DA:25,1
DA:29,0
LF:7
LH:5
end_of_record
SF:lib/data/models/movie_detail_model.dart
DA:6,1
DA:52,2
DA:53,1
DA:54,1
DA:55,1
DA:56,5
DA:57,1
DA:58,1
DA:59,1
DA:60,1
DA:61,1
DA:62,1
DA:63,2
DA:64,1
DA:65,1
DA:66,1
DA:67,1
DA:68,1
DA:69,1
DA:70,1
DA:71,1
DA:72,2
DA:73,1
DA:76,0
DA:77,0
DA:78,0
DA:79,0
DA:80,0
DA:81,0
DA:82,0
DA:83,0
DA:84,0
DA:85,0
DA:86,0
DA:87,0
DA:88,0
DA:89,0
DA:90,0
DA:91,0
DA:92,0
DA:93,0
DA:94,0
DA:95,0
DA:96,0
DA:97,0
DA:100,0
DA:101,0
DA:102,0
DA:103,0
DA:104,0
DA:105,0
DA:106,0
DA:107,0
DA:108,0
DA:109,0
DA:110,0
DA:111,0
DA:112,0
DA:113,0
DA:117,1
DA:118,1
DA:119,1
DA:120,1
DA:121,1
DA:122,1
DA:123,1
DA:124,1
DA:125,1
DA:126,1
DA:127,1
DA:128,1
DA:129,1
DA:130,1
DA:131,1
DA:132,1
DA:133,1
DA:134,1
DA:135,1
DA:136,1
DA:137,1
DA:138,1
DA:139,1
LF:82
LH:46
end_of_record
SF:lib/data/models/movie_response.dart
DA:8,1
DA:10,2
DA:11,8
DA:14,0
DA:15,0
DA:18,0
DA:19,0
DA:25,0
DA:27,0
DA:28,0
DA:31,0
DA:32,0
DA:35,0
DA:36,0
LF:14
LH:3
end_of_record
SF:lib/data/source/online/movie_online_data_source.dart
DA:23,1
DA:26,1
DA:27,5
DA:28,2
DA:29,3
DA:31,1
DA:36,1
DA:37,5
DA:38,2
DA:39,4
DA:41,0
DA:46,1
DA:47,5
DA:48,2
DA:49,4
DA:51,1
DA:56,0
DA:57,0
DA:58,0
DA:59,0
DA:61,0
DA:66,1
DA:67,5
DA:68,2
DA:69,4
DA:71,1
DA:76,1
DA:77,5
DA:78,2
DA:79,4
DA:81,1
DA:86,0
DA:87,0
DA:88,0
DA:89,0
DA:91,0
LF:36
LH:25
end_of_record
SF:lib/data/models/movie_cast.dart
DA:18,0
DA:32,0
DA:33,0
DA:34,0
DA:35,0
DA:36,0
DA:37,0
DA:38,0
DA:39,0
DA:40,0
DA:41,0
DA:42,0
DA:43,0
DA:44,0
DA:47,0
DA:48,0
DA:49,0
DA:50,0
DA:51,0
DA:52,0
DA:53,0
DA:54,0
DA:55,0
DA:56,0
DA:60,0
DA:61,0
DA:62,0
DA:63,0
DA:64,0
DA:65,0
DA:66,0
DA:67,0
DA:68,0
DA:69,0
DA:70,0
DA:71,0
DA:72,0
DA:73,0
DA:77,0
DA:78,0
DA:79,0
DA:80,0
DA:81,0
DA:82,0
DA:83,0
DA:84,0
DA:85,0
DA:86,0
LF:48
LH:0
end_of_record
SF:lib/data/models/movie_model.dart
DA:5,1
DA:35,2
DA:36,1
DA:37,1
DA:38,4
DA:39,1
DA:40,1
DA:41,1
DA:42,2
DA:43,1
DA:44,1
DA:45,1
DA:46,1
DA:47,2
DA:48,1
DA:51,0
DA:52,0
DA:53,0
DA:54,0
DA:55,0
DA:56,0
DA:57,0
DA:58,0
DA:59,0
DA:60,0
DA:61,0
DA:62,0
DA:63,0
DA:64,0
DA:67,0
DA:68,0
DA:69,0
DA:70,0
DA:71,0
DA:72,0
DA:73,0
DA:74,0
DA:75,0
DA:76,0
DA:77,0
DA:78,0
DA:79,0
DA:80,0
DA:81,0
DA:85,1
DA:86,1
DA:87,1
DA:88,1
DA:89,1
DA:90,1
DA:91,1
DA:92,1
DA:93,1
DA:94,1
DA:95,1
DA:96,1
DA:97,1
DA:98,1
DA:99,1
LF:59
LH:30
end_of_record
SF:lib/data/models/movie_table.dart
DA:11,1
DA:18,0
DA:19,0
DA:20,0
DA:21,0
DA:22,0
DA:25,2
DA:26,1
DA:27,1
DA:28,1
DA:29,1
DA:32,0
DA:33,0
DA:34,0
DA:35,0
DA:36,0
DA:39,0
DA:40,0
DA:41,0
DA:42,0
DA:43,0
DA:46,1
DA:47,5
LF:23
LH:8
end_of_record
SF:lib/data/source/local/movie_local_source.dart
DA:15,1
DA:18,1
DA:19,3
DA:22,1
DA:26,0
DA:31,1
DA:32,3
DA:34,4
DA:36,0
DA:41,1
DA:43,3
DA:46,2
DA:51,1
DA:53,3
DA:56,2
LF:15
LH:13
end_of_record
SF:lib/data/source/local/movies_local_data_source.dart
DA:8,0
DA:12,0
DA:16,0
DA:18,0
DA:25,0
DA:26,0
DA:27,0
DA:29,0
DA:33,0
DA:34,0
DA:41,0
DA:42,0
DA:45,0
DA:46,0
DA:47,0
DA:50,0
DA:51,0
DA:52,0
DA:55,0
DA:59,0
DA:60,0
DA:61,0
DA:64,0
DA:67,0
DA:68,0
DA:74,0
DA:75,0
DA:76,0
LF:28
LH:0
end_of_record
SF:lib/domain/entities/cast.dart
DA:13,0
DA:15,0
DA:16,0
DA:17,0
DA:18,0
DA:19,0
DA:20,0
DA:21,0
DA:22,0
DA:23,0
DA:24,0
LF:11
LH:0
end_of_record
SF:lib/domain/entities/movie.dart
DA:5,4
DA:21,0
DA:27,0
DA:28,0
DA:29,0
DA:30,0
DA:31,0
DA:32,0
DA:33,0
DA:34,0
DA:35,0
DA:36,0
DA:42,0
DA:43,0
DA:45,0
DA:46,0
DA:47,0
DA:49,0
DA:50,0
DA:53,0
DA:73,0
DA:74,0
DA:75,0
DA:76,0
DA:77,0
DA:78,0
DA:79,0
DA:80,0
DA:81,0
DA:82,0
DA:83,0
DA:84,0
DA:85,0
DA:86,0
DA:87,0
LF:35
LH:1
end_of_record
SF:lib/domain/entities/movie_detail.dart
DA:5,3
DA:33,0
DA:34,0
DA:35,0
DA:36,0
DA:37,0
DA:38,0
DA:39,0
DA:40,0
DA:41,0
DA:42,0
DA:43,0
DA:44,0
DA:45,0
LF:14
LH:1
end_of_record
SF:lib/data/models/genre_model.dart
DA:5,1
DA:13,2
DA:14,1
DA:15,1
DA:18,0
DA:19,0
DA:20,0
DA:23,0
DA:24,0
DA:27,1
DA:28,3
LF:11
LH:6
end_of_record
SF:lib/domain/entities/genre.dart
DA:4,3
DA:12,0
DA:13,0
LF:3
LH:1
end_of_record
SF:lib/domain/usecase/watchlist_movie.dart
DA:10,2
DA:12,2
DA:13,4
DA:16,1
DA:17,2
DA:20,1
DA:21,2
DA:24,0
DA:25,0
LF:9
LH:7
end_of_record
SF:lib/domain/usecase/get_top_rated_movie.dart
DA:9,2
DA:11,2
DA:12,4
LF:3
LH:3
end_of_record
SF:lib/domain/usecase/get_cast_movie.dart
DA:9,1
DA:11,1
DA:12,2
LF:3
LH:3
end_of_record
SF:lib/domain/usecase/get_now_playing_movie.dart
DA:9,1
DA:11,1
DA:12,2
LF:3
LH:3
end_of_record
SF:lib/domain/usecase/get_recomendation_movie.dart
DA:9,1
DA:11,1
DA:12,2
LF:3
LH:3
end_of_record
SF:lib/domain/usecase/search_movie.dart
DA:9,1
DA:11,1
DA:12,2
LF:3
LH:3
end_of_record
SF:lib/domain/usecase/get_detail_movie.dart
DA:9,2
DA:11,2
DA:12,4
LF:3
LH:3
end_of_record
SF:lib/domain/usecase/get_popular_movie.dart
DA:9,1
DA:11,1
DA:12,2
LF:3
LH:3
end_of_record
SF:lib/presentation/bloc/movie_popular_bloc/movie_popular_bloc_state.dart
DA:4,1
DA:6,0
DA:7,0
DA:17,1
DA:19,0
DA:20,0
DA:26,0
DA:28,0
DA:29,0
LF:9
LH:2
end_of_record
SF:lib/presentation/bloc/movie_popular_bloc/movie_popular_bloc_event.dart
DA:4,1
DA:6,0
DA:7,0
LF:3
LH:1
end_of_record
SF:lib/presentation/bloc/movie_popular_bloc/movie_popular_bloc_bloc.dart
DA:11,3
DA:12,2
DA:15,1
DA:16,2
DA:17,3
DA:18,1
DA:19,0
DA:20,2
DA:21,1
LF:9
LH:8
end_of_record
SF:lib/presentation/bloc/movie_top_rated_bloc/movie_top_rated_state.dart
DA:4,1
DA:6,0
DA:7,0
DA:17,1
DA:19,0
DA:20,0
DA:26,0
DA:28,0
DA:29,0
LF:9
LH:2
end_of_record
SF:lib/presentation/bloc/movie_top_rated_bloc/movie_top_rated_bloc.dart
DA:12,3
DA:13,2
DA:15,1
DA:16,2
DA:17,3
DA:18,1
DA:19,0
DA:20,1
DA:21,2
LF:9
LH:8
end_of_record
SF:lib/presentation/bloc/movie_top_rated_bloc/movie_top_rated_event.dart
DA:4,1
DA:6,0
DA:7,0
LF:3
LH:1
end_of_record
SF:lib/presentation/bloc/movie_watchlist_bloc/movie_wathclist_state.dart
DA:4,1
DA:6,0
DA:7,0
DA:16,1
DA:18,0
DA:19,0
DA:25,0
DA:27,0
DA:28,0
DA:34,0
DA:36,0
DA:37,0
DA:43,0
DA:45,0
DA:46,0
LF:15
LH:2
end_of_record
SF:lib/presentation/bloc/movie_watchlist_bloc/movie_wathclist_event.dart
DA:4,1
DA:6,0
DA:7,0
DA:15,0
DA:17,0
DA:18,0
DA:24,0
DA:26,0
DA:27,0
DA:33,0
DA:35,0
DA:36,0
DA:42,0
DA:44,0
DA:45,0
LF:15
LH:1
end_of_record
SF:lib/presentation/bloc/movie_watchlist_bloc/movie_wathclist_bloc.dart
DA:14,3
DA:15,2
DA:16,2
DA:17,2
DA:18,2
DA:19,2
DA:22,1
DA:23,2
DA:24,3
DA:25,1
DA:26,0
DA:27,1
DA:28,2
DA:32,0
DA:33,0
DA:34,0
DA:35,0
DA:36,0
DA:37,0
DA:38,0
DA:39,0
DA:43,0
DA:44,0
DA:46,0
DA:47,0
DA:48,0
DA:49,0
DA:50,0
DA:51,0
DA:52,0
DA:53,0
DA:54,0
DA:58,0
DA:59,0
DA:60,0
DA:61,0
DA:64,0
DA:66,0
DA:70,0
DA:71,0
DA:72,0
DA:73,0
DA:74,0
DA:75,0
DA:76,0
DA:77,0
DA:78,0
DA:79,0
DA:80,0
DA:85,0
DA:86,0
LF:51
LH:12
end_of_record
SF:lib/presentation/pages/movie_type_list.dart
DA:11,2
DA:13,1
DA:14,1
DA:18,1
DA:20,1
DA:21,3
DA:22,4
DA:23,3
DA:24,4
DA:25,3
DA:26,4
DA:28,0
DA:32,1
DA:34,1
DA:35,1
DA:37,1
DA:39,1
DA:40,1
DA:41,1
DA:42,2
DA:43,3
DA:44,2
DA:45,1
DA:46,0
DA:47,0
DA:51,0
DA:54,1
DA:55,0
DA:56,0
DA:59,1
DA:60,1
DA:64,3
DA:65,2
DA:66,1
DA:67,0
DA:68,0
DA:69,0
DA:72,0
DA:75,1
DA:76,0
DA:77,0
DA:80,1
DA:81,1
DA:85,3
DA:86,1
DA:87,1
DA:88,1
DA:89,0
DA:90,1
DA:91,0
DA:92,0
DA:94,1
DA:95,0
DA:96,0
DA:97,0
DA:98,0
DA:101,0
DA:102,0
DA:107,0
DA:110,1
DA:115,0
DA:116,0
DA:117,0
DA:118,0
DA:119,0
DA:120,0
DA:121,0
DA:123,0
DA:124,0
DA:125,0
DA:126,0
DA:127,0
DA:129,0
DA:131,0
DA:136,0
DA:139,0
DA:150,1
DA:151,3
DA:152,1
DA:154,1
DA:156,3
DA:157,1
DA:159,1
DA:161,3
DA:162,1
DA:164,1
DA:167,0
DA:169,0
LF:88
LH:48
end_of_record
SF:lib/config/router/movie_router.dart
DA:9,0
DA:11,0
DA:12,0
DA:13,0
DA:14,0
DA:15,0
DA:16,0
DA:17,0
DA:18,0
DA:19,0
DA:20,0
DA:22,0
DA:29,0
DA:34,0
LF:14
LH:0
end_of_record
SF:lib/presentation/pages/movie_detail.dart
DA:13,0
DA:15,0
DA:16,0
DA:20,0
DA:22,0
DA:23,0
DA:24,0
DA:25,0
DA:26,0
DA:29,0
DA:31,0
DA:32,0
DA:33,0
DA:34,0
DA:35,0
DA:37,0
DA:39,0
DA:42,0
DA:43,0
DA:44,0
DA:45,0
DA:46,0
DA:47,0
DA:48,0
DA:51,0
DA:52,0
DA:56,0
DA:57,0
DA:58,0
DA:59,0
DA:64,0
DA:65,0
DA:66,0
DA:68,0
DA:69,0
DA:72,0
DA:73,0
DA:81,0
DA:82,0
DA:84,0
DA:85,0
DA:87,0
DA:88,0
DA:89,0
DA:92,0
DA:93,0
DA:95,0
DA:96,0
DA:101,0
DA:102,0
DA:103,0
DA:109,0
DA:111,0
DA:112,0
DA:113,0
DA:114,0
DA:115,0
DA:116,0
DA:117,0
DA:118,0
DA:119,0
DA:120,0
DA:125,0
DA:126,0
DA:128,0
DA:129,0
DA:130,0
DA:131,0
DA:132,0
DA:136,0
DA:138,0
DA:139,0
DA:141,0
DA:143,0
DA:144,0
DA:145,0
DA:146,0
DA:147,0
DA:148,0
DA:151,0
DA:152,0
DA:153,0
DA:154,0
DA:155,0
DA:156,0
DA:157,0
DA:161,0
DA:162,0
DA:163,0
DA:165,0
DA:167,0
DA:168,0
DA:176,0
DA:177,0
DA:178,0
DA:179,0
DA:185,0
DA:186,0
DA:191,0
DA:192,0
DA:193,0
DA:194,0
DA:195,0
DA:197,0
DA:198,0
DA:201,0
DA:202,0
DA:203,0
DA:205,0
DA:207,0
DA:208,0
DA:210,0
DA:215,0
DA:216,0
DA:221,0
DA:222,0
DA:223,0
DA:224,0
DA:225,0
DA:226,0
DA:229,0
DA:230,0
DA:232,0
DA:234,0
DA:235,0
DA:237,0
DA:242,0
DA:243,0
DA:257,0
DA:258,0
DA:260,0
DA:261,0
DA:262,0
DA:263,0
DA:264,0
DA:265,0
DA:266,0
DA:267,0
DA:270,0
DA:271,0
DA:272,0
DA:273,0
DA:278,0
DA:281,0
DA:283,0
DA:284,0
DA:285,0
DA:295,0
DA:296,0
DA:298,0
DA:299,0
DA:300,0
DA:301,0
DA:302,0
DA:303,0
DA:306,0
DA:307,0
DA:308,0
DA:309,0
DA:314,0
DA:317,0
DA:319,0
DA:320,0
DA:321,0
DA:330,0
DA:331,0
DA:335,0
DA:337,0
DA:339,0
DA:344,0
DA:345,0
DA:353,0
DA:355,0
DA:357,0
DA:359,0
DA:360,0
LF:176
LH:0
end_of_record
SF:lib/presentation/pages/movie_list.dart
DA:15,0
DA:17,0
DA:18,0
DA:23,0
DA:25,0
DA:26,0
DA:27,0
DA:28,0
DA:29,0
DA:30,0
DA:33,0
DA:35,0
DA:37,0
DA:38,0
DA:39,0
DA:40,0
DA:42,0
DA:43,0
DA:45,0
DA:46,0
DA:48,0
DA:49,0
DA:51,0
DA:53,0
DA:57,0
DA:58,0
DA:59,0
DA:61,0
DA:68,0
DA:69,0
DA:70,0
DA:74,0
DA:75,0
DA:77,0
DA:81,0
DA:82,0
DA:84,0
DA:85,0
DA:87,0
DA:88,0
DA:91,0
DA:92,0
DA:93,0
DA:95,0
DA:99,0
DA:100,0
DA:101,0
DA:102,0
DA:104,0
DA:106,0
DA:108,0
DA:109,0
DA:110,0
DA:111,0
DA:114,0
DA:115,0
DA:116,0
DA:118,0
DA:119,0
DA:120,0
DA:126,0
DA:127,0
DA:128,0
DA:137,0
DA:138,0
DA:139,0
DA:141,0
DA:142,0
DA:143,0
DA:145,0
DA:146,0
DA:147,0
DA:148,0
DA:149,0
DA:150,0
DA:151,0
DA:152,0
DA:153,0
DA:154,0
DA:155,0
DA:157,0
DA:158,0
DA:159,0
DA:160,0
DA:161,0
DA:162,0
DA:164,0
DA:165,0
DA:167,0
DA:168,0
DA:172,0
DA:179,0
DA:182,0
DA:186,0
DA:188,0
DA:189,0
DA:192,0
DA:193,0
DA:194,0
DA:195,0
DA:196,0
DA:197,0
DA:198,0
DA:200,0
DA:201,0
DA:202,0
DA:206,0
DA:211,0
DA:214,0
DA:218,0
DA:220,0
DA:221,0
DA:224,0
DA:225,0
DA:226,0
DA:230,0
DA:233,0
DA:234,0
DA:235,0
DA:238,0
DA:239,0
DA:243,0
DA:245,0
DA:246,0
DA:248,0
DA:249,0
DA:250,0
DA:254,0
DA:257,0
DA:258,0
DA:259,0
DA:262,0
DA:263,0
DA:270,0
DA:271,0
DA:275,0
DA:292,0
DA:300,0
DA:302,0
DA:304,0
DA:305,0
DA:306,0
DA:307,0
DA:308,0
DA:309,0
DA:310,0
DA:311,0
DA:312,0
DA:313,0
DA:315,0
DA:316,0
DA:317,0
DA:318,0
DA:319,0
DA:320,0
LF:155
LH:0
end_of_record
SF:lib/presentation/bloc/movie_cast_bloc/movie_cast_state.dart
DA:4,0
DA:6,0
DA:7,0
DA:17,0
DA:19,0
DA:20,0
DA:26,0
DA:28,0
DA:29,0
LF:9
LH:0
end_of_record
SF:lib/presentation/bloc/movie_cast_bloc/movie_cast_event.dart
DA:4,0
DA:6,0
DA:7,0
DA:13,0
DA:15,0
DA:16,0
LF:6
LH:0
end_of_record
SF:lib/presentation/bloc/movie_cast_bloc/movie_cast_bloc.dart
DA:11,0
DA:12,0
DA:15,0
DA:16,0
DA:17,0
DA:18,0
DA:19,0
DA:20,0
DA:21,0
LF:9
LH:0
end_of_record
SF:lib/presentation/bloc/movie_detail_bloc/movie_detail_event.dart
DA:4,1
DA:6,0
DA:7,0
DA:13,1
DA:15,0
DA:16,0
LF:6
LH:2
end_of_record
SF:lib/presentation/bloc/movie_detail_bloc/movie_detail_state.dart
DA:4,1
DA:6,0
DA:7,0
DA:17,1
DA:19,0
DA:20,0
DA:26,0
DA:27,0
DA:28,0
LF:9
LH:2
end_of_record
SF:lib/presentation/bloc/movie_detail_bloc/movie_detail_bloc.dart
DA:11,3
DA:12,2
DA:15,1
DA:16,2
DA:17,4
DA:18,1
DA:19,0
DA:20,1
DA:21,2
LF:9
LH:8
end_of_record
SF:lib/presentation/bloc/movie_now_playing_bloc/movie_now_playing_state.dart
DA:4,0
DA:6,0
DA:7,0
DA:17,0
DA:19,0
DA:20,0
DA:26,0
DA:28,0
DA:29,0
LF:9
LH:0
end_of_record
SF:lib/presentation/bloc/movie_now_playing_bloc/movie_now_playing_event.dart
DA:4,0
DA:6,0
DA:7,0
LF:3
LH:0
end_of_record
SF:lib/presentation/bloc/movie_now_playing_bloc/movie_now_playing_bloc.dart
DA:11,0
DA:12,0
DA:15,0
DA:16,0
DA:17,0
DA:18,0
LF:6
LH:0
end_of_record
SF:lib/presentation/bloc/movie_recomendation_bloc/movie_recomendation_state.dart
DA:4,0
DA:6,0
DA:7,0
DA:17,0
DA:19,0
DA:20,0
DA:26,0
DA:28,0
DA:29,0
LF:9
LH:0
end_of_record
SF:lib/presentation/bloc/movie_recomendation_bloc/movie_recomendation_bloc.dart
DA:11,0
DA:12,0
DA:14,0
DA:15,0
DA:16,0
DA:17,0
LF:6
LH:0
end_of_record
SF:lib/presentation/bloc/movie_recomendation_bloc/movie_recomendation_event.dart
DA:4,0
DA:6,0
DA:7,0
DA:13,0
DA:15,0
DA:16,0
LF:6
LH:0
end_of_record
SF:lib/presentation/bloc/movie_search_bloc/movie_search_bloc_state.dart
DA:4,0
DA:6,0
DA:7,0
DA:17,0
DA:19,0
DA:20,0
DA:26,0
DA:28,0
DA:29,0
LF:9
LH:0
end_of_record
SF:lib/presentation/bloc/movie_search_bloc/movie_search_bloc_event.dart
DA:4,0
DA:6,0
DA:7,0
DA:13,0
DA:15,0
DA:16,0
LF:6
LH:0
end_of_record
SF:lib/presentation/bloc/movie_search_bloc/movie_search_bloc.dart
DA:12,0
DA:13,0
DA:14,0
DA:16,0
DA:18,0
DA:20,0
DA:21,0
DA:22,0
DA:23,0
DA:24,0
DA:28,0
DA:29,0
LF:12
LH:0
end_of_record
SF:lib/presentation/widget/movie_card.dart
DA:9,0
DA:16,0
DA:18,0
DA:20,0
DA:22,0
DA:24,0
DA:28,0
DA:29,0
DA:32,0
DA:33,0
DA:35,0
DA:36,0
DA:37,0
DA:38,0
DA:43,0
DA:44,0
DA:47,0
DA:48,0
DA:50,0
DA:51,0
DA:52,0
DA:56,0
DA:57,0
DA:59,0
DA:60,0
DA:61,0
DA:63,0
DA:65,0
DA:66,0
DA:73,0
DA:74,0
DA:75,0
DA:76,0
DA:78,0
DA:79,0
DA:80,0
DA:81,0
DA:86,0
DA:87,0
DA:89,0
DA:90,0
DA:91,0
LF:42
LH:0
end_of_record
SF:lib/presentation/widget/title_content.dart
DA:6,0
DA:10,0
DA:12,0
DA:14,0
DA:16,0
DA:17,0
DA:18,0
DA:19,0
DA:21,0
DA:22,0
DA:23,0
DA:25,0
LF:12
LH:0
end_of_record
SF:lib/presentation/pages/movie_detail_test.dart
DA:8,2
DA:10,1
DA:11,1
DA:15,1
DA:17,1
DA:18,7
DA:21,1
DA:23,1
DA:24,1
DA:26,1
DA:27,1
DA:28,1
DA:29,1
DA:30,0
DA:31,1
DA:32,0
DA:34,1
DA:44,0
DA:46,0
DA:48,0
DA:50,0
DA:51,0
LF:22
LH:15
end_of_record
